Loading the ModusToolbox Technology Packs and Early Access Packs
Finished loading the ModusToolbox Technology Packs and Early Access Packs (3 ms)
Loading the tools information
Finished loading the tools information (74 ms)
directory 'C:/ProgramData/Infineon_Technologies_AG/Infineon-Toolbox' does not exist
Using the executable path for the tools directory.
Loading the application in directory 'C:/Users/Usuario1/mtw/BENGALA'
using cached data from file 'C:/Users/Usuario1/mtw/BENGALA/.mtbqueryapi'
creating application information from 'get_app_info' data
finished creating application information from 'get_app_info' data (50 ms)
Finished loading the application data (94 ms total, 0 make)
Loading asset repository references
Finished loading the asset repository references (1157 ms)
Loading the manifest data
Loading super manfiest files from all sources
Getting manifests from remote and/or local sources
Processing system manifest 'https://modustoolbox.infineon.com/manifests/mtb-super-manifest/v2.X/mtb-super-manifest-fv2.xml'
Downloading super manifest file 'https://modustoolbox.infineon.com/manifests/mtb-super-manifest/v2.X/mtb-super-manifest-fv2.xml'
Finished loading super manifest files from all sources
Finished download of file 'https://modustoolbox.infineon.com/manifests/mtb-super-manifest/v2.X/mtb-super-manifest-fv2.xml'
Starting to parse super manifest with URL 'https://modustoolbox.infineon.com/manifests/mtb-super-manifest/v2.X/mtb-super-manifest-fv2.xml'
Finished parsing super manifest with URL 'https://modustoolbox.infineon.com/manifests/mtb-super-manifest/v2.X/mtb-super-manifest-fv2.xml'
Downloading manifest file 'https://github.com/Infineon/mtb-ce-manifest/raw/v2.X/mtb-ce-manifest.xml'
Downloading manifest file 'https://github.com/Infineon/mtb-ce-manifest/raw/v2.X/mtb-ce-manifest-fv2.xml'
Downloading manifest file 'https://github.com/Infineon/mtb-bt-app-manifest/raw/v2.X/mtb-bt-app-manifest.xml'
Downloading manifest file 'https://github.com/Infineon/mtb-bt-app-manifest/raw/v2.X/mtb-bt-app-manifest-fv2.xml'
Downloading manifest file 'https://github.com/Infineon/cce-app-manifest/raw/v2.X/cce-app-manifest-fv2.xml'
Downloading manifest file 'https://github.com/CyberonEBU/cyberon-mtb-ce-manifest/raw/main/cyberon-mtb-ce-manifest-fv2.xml'
Downloading manifest file 'https://github.com/golioth/mtb-golioth-ce-manifest/raw/main/mtb-golioth-ce-manifest-fv2.xml'
Downloading manifest file 'https://github.com/memfault/mtb-memfault-ce-manifest/raw/main/mtb-memfault-ce-manifest-fv2.xml'
Downloading manifest file 'https://github.com/RutronikSystemSolutions/rutronik-ce-manifest/raw/main/rutronik-ce-manifest-fv2.xml'
Downloading manifest file 'https://github.com/sensiml/sensiml-ce-manifest/raw/main/sensiml-ce-manifest-fv2.xml'
Downloading manifest file 'https://github.com/Infineon/mtb-bsp-manifest/raw/v2.X/mtb-bsp-manifest.xml'
Downloading manifest file 'https://github.com/Infineon/mtb-bsp-manifest/raw/v2.X/mtb-bsp-manifest-fv2.xml'
Downloading manifest file 'https://github.com/Infineon/mtb-bsp-manifest/raw/v2.X/mtb-bsp-dependencies-manifest.xml'
Downloading manifest file 'https://github.com/Infineon/mtb-bt-bsp-manifest/raw/v2.X/mtb-bt-bsp-manifest.xml'
Downloading manifest file 'https://github.com/Infineon/mtb-bt-bsp-manifest/raw/v2.X/mtb-bt-bsp-manifest-fv2.xml'
Downloading manifest file 'https://github.com/Infineon/mtb-bt-bsp-manifest/raw/v2.X/mtb-bt-bsp-dependencies-manifest.xml'
Downloading manifest file 'https://github.com/RutronikSystemSolutions/rutronik-bsp-manifest/raw/main/rutronik-bsp-manifest-fv2.xml'
Downloading manifest file 'https://github.com/RutronikSystemSolutions/rutronik-bsp-manifest/raw/main/rutronik-bsp-dependencies-manifest.xml'
Downloading manifest file 'https://github.com/Infineon/mtb-mw-manifest/raw/v2.X/mtb-mw-manifest.xml'
Downloading manifest file 'https://github.com/Infineon/mtb-mw-manifest/raw/v2.X/mtb-mw-manifest-fv2.xml'
Downloading manifest file 'https://github.com/Infineon/mtb-mw-manifest/raw/v2.X/mtb-mw-dependencies-manifest.xml'
Downloading manifest file 'https://github.com/Infineon/mtb-bt-mw-manifest/raw/v2.X/mtb-bt-mw-manifest.xml'
Downloading manifest file 'https://github.com/Infineon/mtb-bt-mw-manifest/raw/v2.X/mtb-bt-mw-manifest-fv2.xml'
Downloading manifest file 'https://github.com/Infineon/mtb-bt-mw-manifest/raw/v2.X/mtb-bt-mw-dependencies-manifest.xml'
Downloading manifest file 'https://github.com/Infineon/mtb-wifi-mw-manifest/raw/v2.X/mtb-wifi-mw-manifest.xml'
Downloading manifest file 'https://github.com/Infineon/mtb-wifi-mw-manifest/raw/v2.X/mtb-wifi-mw-manifest-fv2.xml'
Downloading manifest file 'https://github.com/Infineon/mtb-wifi-mw-manifest/raw/v2.X/mtb-wifi-mw-dependencies-manifest.xml'
Downloading manifest file 'https://github.com/CyberonEBU/cyberon-mtb-mw-manifest/raw/main/cyberon-mtb-mw-manifest-fv2.xml'
Downloading manifest file 'https://github.com/golioth/mtb-golioth-mw-manifest/raw/main/mtb-golioth-mw-manifest-fv2.xml'
Downloading manifest file 'https://github.com/memfault/mtb-memfault-mw-manifest/raw/main/mtb-memfault-mw-manifest-fv2.xml'
Downloading manifest file 'https://github.com/sensiml/sensiml-mw-manifest/raw/main/sensiml-mw-manifest-fv2.xml'
Finished download of file 'https://github.com/Infineon/mtb-ce-manifest/raw/v2.X/mtb-ce-manifest.xml'
Finished download of file 'https://github.com/Infineon/mtb-ce-manifest/raw/v2.X/mtb-ce-manifest-fv2.xml'
Finished download of file 'https://github.com/Infineon/mtb-bt-app-manifest/raw/v2.X/mtb-bt-app-manifest.xml'
Finished download of file 'https://github.com/Infineon/mtb-bt-app-manifest/raw/v2.X/mtb-bt-app-manifest-fv2.xml'
Finished download of file 'https://github.com/Infineon/cce-app-manifest/raw/v2.X/cce-app-manifest-fv2.xml'
Finished download of file 'https://github.com/CyberonEBU/cyberon-mtb-ce-manifest/raw/main/cyberon-mtb-ce-manifest-fv2.xml'
Finished download of file 'https://github.com/golioth/mtb-golioth-ce-manifest/raw/main/mtb-golioth-ce-manifest-fv2.xml'
Finished download of file 'https://github.com/memfault/mtb-memfault-ce-manifest/raw/main/mtb-memfault-ce-manifest-fv2.xml'
Finished download of file 'https://github.com/RutronikSystemSolutions/rutronik-ce-manifest/raw/main/rutronik-ce-manifest-fv2.xml'
Finished download of file 'https://github.com/sensiml/sensiml-ce-manifest/raw/main/sensiml-ce-manifest-fv2.xml'
Finished download of file 'https://github.com/Infineon/mtb-bsp-manifest/raw/v2.X/mtb-bsp-manifest.xml'
Finished download of file 'https://github.com/Infineon/mtb-bsp-manifest/raw/v2.X/mtb-bsp-manifest-fv2.xml'
Finished download of file 'https://github.com/Infineon/mtb-bsp-manifest/raw/v2.X/mtb-bsp-dependencies-manifest.xml'
Finished download of file 'https://github.com/Infineon/mtb-bt-bsp-manifest/raw/v2.X/mtb-bt-bsp-manifest.xml'
Finished download of file 'https://github.com/Infineon/mtb-bt-bsp-manifest/raw/v2.X/mtb-bt-bsp-manifest-fv2.xml'
Finished download of file 'https://github.com/Infineon/mtb-bt-bsp-manifest/raw/v2.X/mtb-bt-bsp-dependencies-manifest.xml'
Finished download of file 'https://github.com/RutronikSystemSolutions/rutronik-bsp-manifest/raw/main/rutronik-bsp-manifest-fv2.xml'
Finished download of file 'https://github.com/RutronikSystemSolutions/rutronik-bsp-manifest/raw/main/rutronik-bsp-dependencies-manifest.xml'
Finished download of file 'https://github.com/Infineon/mtb-mw-manifest/raw/v2.X/mtb-mw-manifest.xml'
Finished download of file 'https://github.com/Infineon/mtb-mw-manifest/raw/v2.X/mtb-mw-manifest-fv2.xml'
Finished download of file 'https://github.com/Infineon/mtb-mw-manifest/raw/v2.X/mtb-mw-dependencies-manifest.xml'
Finished download of file 'https://github.com/Infineon/mtb-bt-mw-manifest/raw/v2.X/mtb-bt-mw-manifest.xml'
Finished download of file 'https://github.com/Infineon/mtb-bt-mw-manifest/raw/v2.X/mtb-bt-mw-manifest-fv2.xml'
Finished download of file 'https://github.com/Infineon/mtb-bt-mw-manifest/raw/v2.X/mtb-bt-mw-dependencies-manifest.xml'
Finished download of file 'https://github.com/Infineon/mtb-wifi-mw-manifest/raw/v2.X/mtb-wifi-mw-manifest.xml'
Finished download of file 'https://github.com/Infineon/mtb-wifi-mw-manifest/raw/v2.X/mtb-wifi-mw-manifest-fv2.xml'
Finished download of file 'https://github.com/Infineon/mtb-wifi-mw-manifest/raw/v2.X/mtb-wifi-mw-dependencies-manifest.xml'
Finished download of file 'https://github.com/CyberonEBU/cyberon-mtb-mw-manifest/raw/main/cyberon-mtb-mw-manifest-fv2.xml'
Finished download of file 'https://github.com/golioth/mtb-golioth-mw-manifest/raw/main/mtb-golioth-mw-manifest-fv2.xml'
Finished download of file 'https://github.com/memfault/mtb-memfault-mw-manifest/raw/main/mtb-memfault-mw-manifest-fv2.xml'
Finished download of file 'https://github.com/sensiml/sensiml-mw-manifest/raw/main/sensiml-mw-manifest-fv2.xml'
Finished loading the manifest data (2930 ms)
Loading the device db
Finished loading the device db (2280 ms)
the application environment had an empty 'MTB_CACHE_DIR', assuming default location
the application environment had an empty 'MTB_OFFLINE_DIR', assuming default location
the application environment had an empty 'MTB_GLOBAL_DIR', assuming default location
Starting to refresh dependencies for project 'OTA_FirmwareUpgrade'.
Requested to remove the asset '20819A1'.
Requested to remove the asset 'btsdk-common'.
Requested to remove the asset 'btsdk-include'.
Requested to remove the asset 'btsdk-tools'.
Requested to remove the asset 'btsdk-utils'.
Requested to remove the asset 'core-make'.
Requested to add the asset 'CYW20819A1'.
Requested to add the asset 'BTSDK Shared Includes'.
Requested to add the asset 'BTSDK Tools'.
Requested to add the asset 'BTSDK Utilities'.
Requested to add the asset 'BTSDK Shared Source'.
Requested to add the asset 'core-make'.
Found direct dependencies 'btsdk-ble, btsdk-host-peer-apps-mesh, btsdk-mesh, btsdk-ota, btsdk-peer-apps-ble, btsdk-peer-apps-ota, TARGET_CYW920819EVB-02'.
Found new indirect dependencies 'CYW20819A1, BTSDK Shared Includes, BTSDK Tools, BTSDK Utilities, BTSDK Shared Source, core-make'.
Refreshed all dependencies for project 'OTA_FirmwareUpgrade'.
0 error(s), 0 warning(s)
Successfully acquired the information.
Note: This application uses the ModusToolbox 2.x application structure and so incompatible 3.x content is not displayed. See KBA 236134 for instructions on modifying the application to be compatible with 3.x content.
Requested to change the active target to 'CYBT-413055-EVAL'.
Starting to refresh dependencies for project 'OTA_FirmwareUpgrade'.
Requested to remove the asset '20819A1'.
Requested to remove the asset 'btsdk-common'.
Requested to remove the asset 'btsdk-include'.
Requested to remove the asset 'btsdk-tools'.
Requested to remove the asset 'btsdk-utils'.
Requested to remove the asset 'core-make'.
Requested to add the asset 'CYW20719B2'.
Requested to add the asset 'BTSDK Shared Includes'.
Requested to add the asset 'BTSDK Tools'.
Requested to add the asset 'BTSDK Utilities'.
Requested to add the asset 'BTSDK Shared Source'.
Requested to add the asset 'core-make'.
Found direct dependencies 'btsdk-ble, btsdk-host-peer-apps-mesh, btsdk-mesh, btsdk-ota, btsdk-peer-apps-ble, btsdk-peer-apps-ota, TARGET_CYBT-413055-EVAL'.
Found new indirect dependencies 'CYW20719B2, BTSDK Shared Includes, BTSDK Tools, BTSDK Utilities, BTSDK Shared Source, core-make'.
Refreshed all dependencies for project 'OTA_FirmwareUpgrade'.

Starting to refresh dependencies for project 'OTA_FirmwareUpgrade'.
Requested to remove the asset '20819A1'.
Requested to remove the asset 'btsdk-common'.
Requested to remove the asset 'btsdk-include'.
Requested to remove the asset 'btsdk-tools'.
Requested to remove the asset 'btsdk-utils'.
Requested to remove the asset 'core-make'.
Requested to add the asset 'CYW20719B2'.
Requested to add the asset 'BTSDK Shared Includes'.
Requested to add the asset 'BTSDK Tools'.
Requested to add the asset 'BTSDK Utilities'.
Requested to add the asset 'BTSDK Shared Source'.
Requested to add the asset 'core-make'.
Found direct dependencies 'btsdk-ble, btsdk-host-peer-apps-mesh, btsdk-mesh, btsdk-ota, btsdk-peer-apps-ble, btsdk-peer-apps-ota, TARGET_CYBT-413055-EVAL'.
Found new indirect dependencies 'CYW20719B2, BTSDK Shared Includes, BTSDK Tools, BTSDK Utilities, BTSDK Shared Source, core-make'.
Refreshed all dependencies for project 'OTA_FirmwareUpgrade'.

Changelog for project "BENGALA":
Active BSP changed to CYBT-413055-EVAL
CYW20719B2 version release-v4.4.2 added
20819A1 version release-v4.4.2 removed

Click "Update" to commit the changesUpdating application "BENGALA" ...
Starting to commit changes to the filesystem and project 'OTA_FirmwareUpgrade'.
Requested asset 'btsdk-ble'.
Requested asset 'btsdk-host-peer-apps-mesh'.
Requested asset 'btsdk-mesh'.
Requested asset 'btsdk-ota'.
Requested asset 'btsdk-peer-apps-ble'.
Requested asset 'btsdk-peer-apps-ota'.
Requested asset 'TARGET_CYBT-213043-MESH'.
Requested asset 'TARGET_CYBT-343026-EVAL'.
Requested asset 'TARGET_CYBT-413055-EVAL'.
Requested asset 'TARGET_CYW920819EVB-02'.
Requested asset 'btsdk-common'.
Requested asset 'btsdk-include'.
Requested asset 'btsdk-tools'.
Requested asset 'btsdk-utils'.
Requested asset 'core-make'.
Requested asset 'CYW20719B2'.
Removed the file 'C:/Users/Usuario1/mtw/BENGALA/libs/20819A1.mtb'.
Writing mtb file for asset 'CYW20719B2' to the folder 'C:/Users/Usuario1/mtw/BENGALA/libs'.
Starting to fetch assets for the project directory 'C:/Users/Usuario1/mtw/BENGALA'.
Starting: git -C C:/Users/Usuario1/mtw/mtb_shared/wiced_btsdk/dev-kit/libraries/btsdk-ble/release-v4.4.0 config remote.origin.fetch 'refs/heads/*:refs/heads/*'
Starting: git -C C:/Users/Usuario1/mtw/mtb_shared/wiced_btsdk/tools/btsdk-host-peer-apps-mesh/release-v4.2.1 config remote.origin.fetch 'refs/heads/*:refs/heads/*'
Starting: git -C C:/Users/Usuario1/mtw/mtb_shared/wiced_btsdk/dev-kit/libraries/btsdk-mesh/release-v4.2.0 config remote.origin.fetch 'refs/heads/*:refs/heads/*'
Success: git -C C:/Users/Usuario1/mtw/mtb_shared/wiced_btsdk/dev-kit/libraries/btsdk-ble/release-v4.4.0 config remote.origin.fetch 'refs/heads/*:refs/heads/*'
Starting: git -C C:/Users/Usuario1/mtw/mtb_shared/wiced_btsdk/dev-kit/libraries/btsdk-ota/release-v4.2.0 config remote.origin.fetch 'refs/heads/*:refs/heads/*'
Success: git -C C:/Users/Usuario1/mtw/mtb_shared/wiced_btsdk/tools/btsdk-host-peer-apps-mesh/release-v4.2.1 config remote.origin.fetch 'refs/heads/*:refs/heads/*'
Starting: git -C C:/Users/Usuario1/mtw/mtb_shared/wiced_btsdk/tools/btsdk-peer-apps-ble/release-v3.3.0 config remote.origin.fetch 'refs/heads/*:refs/heads/*'
Success: git -C C:/Users/Usuario1/mtw/mtb_shared/wiced_btsdk/dev-kit/libraries/btsdk-mesh/release-v4.2.0 config remote.origin.fetch 'refs/heads/*:refs/heads/*'
Starting: git -C C:/Users/Usuario1/mtw/mtb_shared/wiced_btsdk/tools/btsdk-peer-apps-ota/release-v3.3.0 config remote.origin.fetch 'refs/heads/*:refs/heads/*'
Success: git -C C:/Users/Usuario1/mtw/mtb_shared/wiced_btsdk/dev-kit/libraries/btsdk-ota/release-v4.2.0 config remote.origin.fetch 'refs/heads/*:refs/heads/*'
Starting: git -C C:/Users/Usuario1/mtw/mtb_shared/wiced_btsdk/dev-kit/bsp/TARGET_CYBT-213043-MESH/release-v3.3.0 config remote.origin.fetch 'refs/heads/*:refs/heads/*'
Success: git -C C:/Users/Usuario1/mtw/mtb_shared/wiced_btsdk/tools/btsdk-peer-apps-ble/release-v3.3.0 config remote.origin.fetch 'refs/heads/*:refs/heads/*'
Starting: git -C C:/Users/Usuario1/mtw/mtb_shared/wiced_btsdk/dev-kit/bsp/TARGET_CYBT-343026-EVAL/release-v3.3.0 config remote.origin.fetch 'refs/heads/*:refs/heads/*'
Success: git -C C:/Users/Usuario1/mtw/mtb_shared/wiced_btsdk/tools/btsdk-peer-apps-ota/release-v3.3.0 config remote.origin.fetch 'refs/heads/*:refs/heads/*'
Starting: git -C C:/Users/Usuario1/mtw/mtb_shared/wiced_btsdk/dev-kit/bsp/TARGET_CYBT-413055-EVAL/release-v3.3.0 config remote.origin.fetch 'refs/heads/*:refs/heads/*'
Success: git -C C:/Users/Usuario1/mtw/mtb_shared/wiced_btsdk/dev-kit/bsp/TARGET_CYBT-213043-MESH/release-v3.3.0 config remote.origin.fetch 'refs/heads/*:refs/heads/*'
Success: git -C C:/Users/Usuario1/mtw/mtb_shared/wiced_btsdk/dev-kit/bsp/TARGET_CYBT-343026-EVAL/release-v3.3.0 config remote.origin.fetch 'refs/heads/*:refs/heads/*'
Starting: git -C C:/Users/Usuario1/mtw/mtb_shared/wiced_btsdk/dev-kit/bsp/TARGET_CYW920819EVB-02/release-v3.3.0 config remote.origin.fetch 'refs/heads/*:refs/heads/*'
Starting: git -C C:/Users/Usuario1/mtw/mtb_shared/wiced_btsdk/dev-kit/libraries/btsdk-common/release-v4.2.1 config remote.origin.fetch 'refs/heads/*:refs/heads/*'
Success: git -C C:/Users/Usuario1/mtw/mtb_shared/wiced_btsdk/dev-kit/bsp/TARGET_CYBT-413055-EVAL/release-v3.3.0 config remote.origin.fetch 'refs/heads/*:refs/heads/*'
Starting: git -C C:/Users/Usuario1/mtw/mtb_shared/wiced_btsdk/dev-kit/btsdk-include/release-v4.4.2 config remote.origin.fetch 'refs/heads/*:refs/heads/*'
Success: git -C C:/Users/Usuario1/mtw/mtb_shared/wiced_btsdk/dev-kit/libraries/btsdk-common/release-v4.2.1 config remote.origin.fetch 'refs/heads/*:refs/heads/*'
Starting: git -C C:/Users/Usuario1/mtw/mtb_shared/wiced_btsdk/dev-kit/btsdk-tools/release-v3.3.0 config remote.origin.fetch 'refs/heads/*:refs/heads/*'
Success: git -C C:/Users/Usuario1/mtw/mtb_shared/wiced_btsdk/dev-kit/bsp/TARGET_CYW920819EVB-02/release-v3.3.0 config remote.origin.fetch 'refs/heads/*:refs/heads/*'
Starting: git -C C:/Users/Usuario1/mtw/mtb_shared/wiced_btsdk/tools/btsdk-utils/release-v4.4.1 config remote.origin.fetch 'refs/heads/*:refs/heads/*'
Success: git -C C:/Users/Usuario1/mtw/mtb_shared/wiced_btsdk/dev-kit/btsdk-include/release-v4.4.2 config remote.origin.fetch 'refs/heads/*:refs/heads/*'
Starting: git -C C:/Users/Usuario1/mtw/mtb_shared/core-make/release-v1.9.1 config remote.origin.fetch 'refs/heads/*:refs/heads/*'
Success: git -C C:/Users/Usuario1/mtw/mtb_shared/wiced_btsdk/tools/btsdk-utils/release-v4.4.1 config remote.origin.fetch 'refs/heads/*:refs/heads/*'
Starting: git -C C:/Users/Usuario1/mtw/mtb_shared/wiced_btsdk/dev-kit/baselib/20719B2/release-v4.4.2 config remote.origin.fetch 'refs/heads/*:refs/heads/*'
Success: git -C C:/Users/Usuario1/mtw/mtb_shared/wiced_btsdk/dev-kit/btsdk-tools/release-v3.3.0 config remote.origin.fetch 'refs/heads/*:refs/heads/*'
Starting: git -C C:/Users/Usuario1/mtw/mtb_shared/wiced_btsdk/dev-kit/libraries/btsdk-ble/release-v4.4.0 fetch cypress --tags --force --quiet
Success: git -C C:/Users/Usuario1/mtw/mtb_shared/core-make/release-v1.9.1 config remote.origin.fetch 'refs/heads/*:refs/heads/*'
Starting: git -C C:/Users/Usuario1/mtw/mtb_shared/wiced_btsdk/tools/btsdk-host-peer-apps-mesh/release-v4.2.1 fetch cypress --tags --force --quiet
Success: git -C C:/Users/Usuario1/mtw/mtb_shared/wiced_btsdk/dev-kit/baselib/20719B2/release-v4.4.2 config remote.origin.fetch 'refs/heads/*:refs/heads/*'
Starting: git -C C:/Users/Usuario1/mtw/mtb_shared/wiced_btsdk/dev-kit/libraries/btsdk-mesh/release-v4.2.0 fetch cypress --tags --force --quiet
Success: git -C C:/Users/Usuario1/mtw/mtb_shared/wiced_btsdk/dev-kit/libraries/btsdk-ble/release-v4.4.0 fetch cypress --tags --force --quiet
Starting: git -C C:/Users/Usuario1/mtw/mtb_shared/wiced_btsdk/dev-kit/libraries/btsdk-ota/release-v4.2.0 fetch cypress --tags --force --quiet
Success: git -C C:/Users/Usuario1/mtw/mtb_shared/wiced_btsdk/dev-kit/libraries/btsdk-mesh/release-v4.2.0 fetch cypress --tags --force --quiet
Starting: git -C C:/Users/Usuario1/mtw/mtb_shared/wiced_btsdk/tools/btsdk-peer-apps-ble/release-v3.3.0 fetch cypress --tags --force --quiet
Success: git -C C:/Users/Usuario1/mtw/mtb_shared/wiced_btsdk/tools/btsdk-peer-apps-ble/release-v3.3.0 fetch cypress --tags --force --quiet
Starting: git -C C:/Users/Usuario1/mtw/mtb_shared/wiced_btsdk/tools/btsdk-peer-apps-ota/release-v3.3.0 fetch cypress --tags --force --quiet
Success: git -C C:/Users/Usuario1/mtw/mtb_shared/wiced_btsdk/dev-kit/libraries/btsdk-ota/release-v4.2.0 fetch cypress --tags --force --quiet
Starting: git -C C:/Users/Usuario1/mtw/mtb_shared/wiced_btsdk/dev-kit/bsp/TARGET_CYBT-213043-MESH/release-v3.3.0 fetch cypress --tags --force --quiet
Success: git -C C:/Users/Usuario1/mtw/mtb_shared/wiced_btsdk/tools/btsdk-host-peer-apps-mesh/release-v4.2.1 fetch cypress --tags --force --quiet
Starting: git -C C:/Users/Usuario1/mtw/mtb_shared/wiced_btsdk/dev-kit/bsp/TARGET_CYBT-343026-EVAL/release-v3.3.0 fetch cypress --tags --force --quiet
Success: git -C C:/Users/Usuario1/mtw/mtb_shared/wiced_btsdk/tools/btsdk-peer-apps-ota/release-v3.3.0 fetch cypress --tags --force --quiet
Starting: git -C C:/Users/Usuario1/mtw/mtb_shared/wiced_btsdk/dev-kit/bsp/TARGET_CYBT-413055-EVAL/release-v3.3.0 fetch cypress --tags --force --quiet
Success: git -C C:/Users/Usuario1/mtw/mtb_shared/wiced_btsdk/dev-kit/bsp/TARGET_CYBT-213043-MESH/release-v3.3.0 fetch cypress --tags --force --quiet
Starting: git -C C:/Users/Usuario1/mtw/mtb_shared/wiced_btsdk/dev-kit/libraries/btsdk-common/release-v4.2.1 fetch cypress --tags --force --quiet
Success: git -C C:/Users/Usuario1/mtw/mtb_shared/wiced_btsdk/dev-kit/bsp/TARGET_CYBT-343026-EVAL/release-v3.3.0 fetch cypress --tags --force --quiet
Starting: git -C C:/Users/Usuario1/mtw/mtb_shared/wiced_btsdk/dev-kit/bsp/TARGET_CYW920819EVB-02/release-v3.3.0 fetch cypress --tags --force --quiet
Success: git -C C:/Users/Usuario1/mtw/mtb_shared/wiced_btsdk/dev-kit/libraries/btsdk-common/release-v4.2.1 fetch cypress --tags --force --quiet
Starting: git -C C:/Users/Usuario1/mtw/mtb_shared/wiced_btsdk/dev-kit/btsdk-include/release-v4.4.2 fetch cypress --tags --force --quiet
Success: git -C C:/Users/Usuario1/mtw/mtb_shared/wiced_btsdk/dev-kit/bsp/TARGET_CYBT-413055-EVAL/release-v3.3.0 fetch cypress --tags --force --quiet
Starting: git -C C:/Users/Usuario1/mtw/mtb_shared/wiced_btsdk/tools/btsdk-utils/release-v4.4.1 fetch cypress --tags --force --quiet
Success: git -C C:/Users/Usuario1/mtw/mtb_shared/wiced_btsdk/dev-kit/bsp/TARGET_CYW920819EVB-02/release-v3.3.0 fetch cypress --tags --force --quiet
Starting: git -C C:/Users/Usuario1/mtw/mtb_shared/wiced_btsdk/dev-kit/btsdk-tools/release-v3.3.0 fetch cypress --tags --force --quiet
Success: git -C C:/Users/Usuario1/mtw/mtb_shared/wiced_btsdk/dev-kit/btsdk-include/release-v4.4.2 fetch cypress --tags --force --quiet
Starting: git -C C:/Users/Usuario1/mtw/mtb_shared/core-make/release-v1.9.1 fetch cypress --tags --force --quiet
Success: git -C C:/Users/Usuario1/mtw/mtb_shared/wiced_btsdk/tools/btsdk-utils/release-v4.4.1 fetch cypress --tags --force --quiet
Starting: git -C C:/Users/Usuario1/mtw/mtb_shared/wiced_btsdk/dev-kit/baselib/20719B2/release-v4.4.2 fetch cypress --tags --force --quiet
Success: git -C C:/Users/Usuario1/mtw/mtb_shared/wiced_btsdk/dev-kit/btsdk-tools/release-v3.3.0 fetch cypress --tags --force --quiet
Starting: git -C C:/Users/Usuario1/mtw/mtb_shared/wiced_btsdk/dev-kit/libraries/btsdk-ble/release-v4.4.0 checkout release-v4.4.0
HEAD is now at 3be349d Upload btsdk-ble 4.4.0.65202 [1743]
Success: git -C C:/Users/Usuario1/mtw/mtb_shared/wiced_btsdk/dev-kit/libraries/btsdk-ble/release-v4.4.0 checkout release-v4.4.0
Finished processing btsdk-ble
Starting: git -C C:/Users/Usuario1/mtw/mtb_shared/wiced_btsdk/dev-kit/libraries/btsdk-mesh/release-v4.2.0 checkout release-v4.2.0
HEAD is now at 695ef4e Upload btsdk-mesh 4.2.0.11524 [916]
M	COMPONENT_mesh_app_lib/mesh_app_hci.c
Success: git -C C:/Users/Usuario1/mtw/mtb_shared/wiced_btsdk/dev-kit/libraries/btsdk-mesh/release-v4.2.0 checkout release-v4.2.0
Finished processing btsdk-mesh
Starting: git -C C:/Users/Usuario1/mtw/mtb_shared/wiced_btsdk/tools/btsdk-peer-apps-ble/release-v3.3.0 checkout release-v3.3.0
Success: git -C C:/Users/Usuario1/mtw/mtb_shared/core-make/release-v1.9.1 fetch cypress --tags --force --quiet
Starting: git -C C:/Users/Usuario1/mtw/mtb_shared/wiced_btsdk/dev-kit/libraries/btsdk-ota/release-v4.2.0 checkout release-v4.2.0
HEAD is now at e69a65a Upload btsdk-peer-apps-ble 3.3.0.23146
Success: git -C C:/Users/Usuario1/mtw/mtb_shared/wiced_btsdk/tools/btsdk-peer-apps-ble/release-v3.3.0 checkout release-v3.3.0
Finished processing btsdk-peer-apps-ble
Starting: git -C C:/Users/Usuario1/mtw/mtb_shared/wiced_btsdk/tools/btsdk-host-peer-apps-mesh/release-v4.2.1 checkout release-v4.2.1
HEAD is now at 76ea3bc Upload btsdk-ota 4.2.0.11524 [916]
Success: git -C C:/Users/Usuario1/mtw/mtb_shared/wiced_btsdk/dev-kit/libraries/btsdk-ota/release-v4.2.0 checkout release-v4.2.0
Finished processing btsdk-ota
Starting: git -C C:/Users/Usuario1/mtw/mtb_shared/wiced_btsdk/tools/btsdk-peer-apps-ota/release-v3.3.0 checkout release-v3.3.0
Success: git -C C:/Users/Usuario1/mtw/mtb_shared/wiced_btsdk/dev-kit/baselib/20719B2/release-v4.4.2 fetch cypress --tags --force --quiet
Starting: git -C C:/Users/Usuario1/mtw/mtb_shared/wiced_btsdk/dev-kit/bsp/TARGET_CYBT-213043-MESH/release-v3.3.0 checkout release-v3.3.0
HEAD is now at 57f1f65 Upload TARGET_CYBT-213043-MESH 3.3.0.23146
Success: git -C C:/Users/Usuario1/mtw/mtb_shared/wiced_btsdk/dev-kit/bsp/TARGET_CYBT-213043-MESH/release-v3.3.0 checkout release-v3.3.0
Finished processing TARGET_CYBT-213043-MESH
Starting: git -C C:/Users/Usuario1/mtw/mtb_shared/wiced_btsdk/dev-kit/bsp/TARGET_CYBT-343026-EVAL/release-v3.3.0 checkout release-v3.3.0
HEAD is now at
 9c267c4 Upload btsdk-peer-apps-ota 3.3.0.23146
Success: git -C C:/Users/Usuario1/mtw/mtb_shared/wiced_btsdk/tools/btsdk-peer-apps-ota/release-v3.3.0 checkout release-v3.3.0
Finished processing btsdk-peer-apps-ota
Starting: git -C C:/Users/Usuario1/mtw/mtb_shared/wiced_btsdk/dev-kit/libraries/btsdk-common/release-v4.2.1 checkout release-v4.2.1
HEAD is now at ac09f93 Upload btsdk-host-peer-apps-mesh 4.2.1.2932 [1100]
Success: git -C C:/Users/Usuario1/mtw/mtb_shared/wiced_btsdk/tools/btsdk-host-peer-apps-mesh/release-v4.2.1 checkout release-v4.2.1
Finished processing btsdk-host-peer-apps-mesh
Starting: git -C C:/Users/Usuario1/mtw/mtb_shared/wiced_btsdk/dev-kit/bsp/TARGET_CYBT-413055-EVAL/release-v3.3.0 checkout release-v3.3.0
HEAD is now at cb3101f Upload TARGET_CYBT-343026-EVAL 3.3.0.23146
Success: git -C C:/Users/Usuario1/mtw/mtb_shared/wiced_btsdk/dev-kit/bsp/TARGET_CYBT-343026-EVAL/release-v3.3.0 checkout release-v3.3.0
Finished processing TARGET_CYBT-343026-EVAL
Starting: git -C C:/Users/Usuario1/mtw/mtb_shared/wiced_btsdk/dev-kit/bsp/TARGET_CYW920819EVB-02/release-v3.3.0 checkout release-v3.3.0
HEAD is now at 745aafa Upload btsdk-common 4.2.1.2932 [1100]
Success: git -C C:/Users/Usuario1/mtw/mtb_shared/wiced_btsdk/dev-kit/libraries/btsdk-common/release-v4.2.1 checkout release-v4.2.1
Finished processing btsdk-common
Starting: git -C C:/Users/Usuario1/mtw/mtb_shared/wiced_btsdk/dev-kit/btsdk-include/release-v4.4.2 checkout release-v4.4.2
HEAD is now at 9614e60 Upload TARGET_CYBT-413055-EVAL 3.3.0.23146
Success: git -C C:/Users/Usuario1/mtw/mtb_shared/wiced_btsdk/dev-kit/bsp/TARGET_CYBT-413055-EVAL/release-v3.3.0 checkout release-v3.3.0
Finished processing TARGET_CYBT-413055-EVAL
Starting: git -C C:/Users/Usuario1/mtw/mtb_shared/wiced_btsdk/tools/btsdk-utils/release-v4.4.1 checkout release-v4.4.1
HEAD is now at 832a6d9 Upload TARGET_CYW920819EVB-02 3.3.0.23146
Success: git -C C:/Users/Usuario1/mtw/mtb_shared/wiced_btsdk/dev-kit/bsp/TARGET_CYW920819EVB-02/release-v3.3.0 checkout release-v3.3.0
Finished processing TARGET_CYW920819EVB-02
Starting: git -C C:/Users/Usuario1/mtw/mtb_shared/wiced_btsdk/dev-kit/btsdk-tools/release-v3.3.0 checkout release-v3.3.0
HEAD is now at 2289fe4 Upload btsdk-include 4.4.2.14114 [1880]
Success: git -C C:/Users/Usuario1/mtw/mtb_shared/wiced_btsdk/dev-kit/btsdk-include/release-v4.4.2 checkout release-v4.4.2
Finished processing btsdk-include
Starting: git -C C:/Users/Usuario1/mtw/mtb_shared/core-make/release-v1.9.1 checkout release-v1.9.1
HEAD is now at a0b67b7 Upload btsdk-utils 4.4.1.33643 [1779]
Success: git -C C:/Users/Usuario1/mtw/mtb_shared/wiced_btsdk/tools/btsdk-utils/release-v4.4.1 checkout release-v4.4.1
Finished processing btsdk-utils
Starting: git -C C:/Users/Usuario1/mtw/mtb_shared/wiced_btsdk/dev-kit/baselib/20719B2/release-v4.4.2 checkout release-v4.4.2
HEAD is now at 0943e94 Upload btsdk-tools 3.3.0.23146
HEAD is now at 251ade9 Upload core-make 1.9.1.3159
Success: git -C C:/Users/Usuario1/mtw/mtb_shared/wiced_btsdk/dev-kit/btsdk-tools/release-v3.3.0 checkout release-v3.3.0
Finished processing btsdk-tools
Success: git -C C:/Users/Usuario1/mtw/mtb_shared/core-make/release-v1.9.1 checkout release-v1.9.1
Finished processing core-make
HEAD is now at 
1486e72 Upload 20719B2 4.4.2.14114 [1880]
Success: git -C C:/Users/Usuario1/mtw/mtb_shared/wiced_btsdk/dev-kit/baselib/20719B2/release-v4.4.2 checkout release-v4.4.2
Finished processing 20719B2
Fetched all assets for the project directory 'C:/Users/Usuario1/mtw/BENGALA'.
Writing the file 'C:/Users/Usuario1/mtw/BENGALA/libs/app.mk'.
Successfully committed changes to the project 'OTA_FirmwareUpgrade'.
the application environment had an empty 'MTB_CACHE_DIR', assuming default location
the application environment had an empty 'MTB_OFFLINE_DIR', assuming default location
the application environment had an empty 'MTB_GLOBAL_DIR', assuming default location
0 error(s), 0 warning(s)
Successfully updated application "BENGALA"
Updating Launch Configurations ...
Calling "make eclipse" ...
Searching installed tools in progress...
Searching installed tools complete
CYBT-413055-EVAL.mk: ../mtb_shared/wiced_btsdk/dev-kit/bsp/TARGET_CYBT-413055-EVAL/release-v3.3.0/CYBT-413055-EVAL.mk
Log file= "C:/Users/Usuario1/AppData/Local/Temp/device-configurator-cli/device-configurator-cli-20231215.131701.064-12692.log"
Command line= "C:/Users/Usuario1/ModusToolbox/tools_3.0/device-configurator/device-configurator-cli.exe --library ../mtb_shared/wiced_btsdk/dev-kit/baselib/20719B2/release-v4.4.2/COMPONENT_20719B2/devicesupport.xml --build ../mtb_shared/wiced_btsdk/dev-kit/bsp/TARGET_CYBT-413055-EVAL/release-v3.3.0/COMPONENT_bsp_design_modus/design.modus --check-mcu=CYBT-413055-02 --check-coprocessors= --readonly --skip-build"
C:/Users/Usuario1/mtw/BENGALA/build/CYBT-413055-EVAL/Debug/OTA_FirmwareUpgrade.ld already present, use clean if it needs updating
Prebuild operations complete
Commencing build operations...
CYBT-413055-EVAL.mk: ../mtb_shared/wiced_btsdk/dev-kit/bsp/TARGET_CYBT-413055-EVAL/release-v3.3.0/CYBT-413055-EVAL.mk
Initializing build: OTA_FirmwareUpgrade Debug CYBT-413055-EVAL GCC_ARM
Auto-discovery in progress...
-> Found 55 .c file(s)
-> Found 0 .S file(s)
-> Found 0 .s file(s)
-> Found 0 .cpp file(s)
-> Found 3 .o file(s)
-> Found 45 .a file(s)
-> Found 179 .h file(s)
-> Found 0 .hpp file(s)
-> Found 0 resource file(s)
Applying filters...
Auto-discovery complete
Constructing build rules...
Build rules construction complete
INFO: Eclipse project files ".cproject" and ".project" already exist. Skipping project generation...
==============================================================================
= Generating IDE files =
==============================================================================
Generated Eclipse launch config files:  "BENGALA Attach_JLink.launch" "BENGALA Attach_KitProg3_MiniProg4.launch" "BENGALA Program.launch"
============================================================================== 
= INFO message(s) = 
============================================================================== 
 INFO: Eclipse project files ".cproject" and ".project" already exist. Skipping project generation... 
 
"make eclipse" succeeded

Starting to refresh dependencies for project 'OTA_FirmwareUpgrade'.
Requested to remove the asset '20719B2'.
Requested to remove the asset 'btsdk-common'.
Requested to remove the asset 'btsdk-include'.
Requested to remove the asset 'btsdk-tools'.
Requested to remove the asset 'btsdk-utils'.
Requested to remove the asset 'core-make'.
Requested to add the asset 'CYW20719B2'.
Requested to add the asset 'BTSDK Shared Includes'.
Requested to add the asset 'BTSDK Tools'.
Requested to add the asset 'BTSDK Utilities'.
Requested to add the asset 'BTSDK Shared Source'.
Requested to add the asset 'core-make'.
Found direct dependencies 'btsdk-ble, btsdk-host-peer-apps-mesh, btsdk-mesh, btsdk-ota, btsdk-peer-apps-ble, btsdk-peer-apps-ota, TARGET_CYBT-413055-EVAL'.
Found new indirect dependencies 'CYW20719B2, BTSDK Shared Includes, BTSDK Tools, BTSDK Utilities, BTSDK Shared Source, core-make'.
Refreshed all dependencies for project 'OTA_FirmwareUpgrade'.
